[debug] [2023-01-12T05:55:03.324Z] ----------------------------------------------------------------------
[debug] [2023-01-12T05:55:03.325Z] Command:       C:\Program Files\nodejs\node.exe C:\Users\Rog\AppData\Roaming\npm\node_modules\firebase-tools\lib\bin\firebase.js init
[debug] [2023-01-12T05:55:03.326Z] CLI Version:   11.20.0
[debug] [2023-01-12T05:55:03.326Z] Platform:      win32
[debug] [2023-01-12T05:55:03.326Z] Node Version:  v16.14.0
[debug] [2023-01-12T05:55:03.327Z] Time:          Thu Jan 12 2023 07:55:03 GMT+0200 (Israel Standard Time)
[debug] [2023-01-12T05:55:03.327Z] ----------------------------------------------------------------------
[debug] 
[debug] [2023-01-12T05:55:03.334Z] > command requires scopes: ["email","openid","https://www.googleapis.com/auth/cloudplatformprojects.readonly","https://www.googleapis.com/auth/firebase","https://www.googleapis.com/auth/cloud-platform"]
[debug] [2023-01-12T05:55:03.334Z] > authorizing via signed-in user (roi.hakim@gmail.com)
[info] 
     ######## #### ########  ######## ########     ###     ######  ########
     ##        ##  ##     ## ##       ##     ##  ##   ##  ##       ##
     ######    ##  ########  ######   ########  #########  ######  ######
     ##        ##  ##    ##  ##       ##     ## ##     ##       ## ##
     ##       #### ##     ## ######## ########  ##     ##  ######  ########

You're about to initialize a Firebase project in this directory:

  D:\Code\trashcan-POC

[info] 
=== Project Setup
[info] 
[info] First, let's associate this project directory with a Firebase project.
[info] You can create multiple project aliases by running firebase use --add, 
[info] but for now we'll just set up a default project.
[info] 
[debug] [2023-01-12T05:55:41.173Z] >>> [apiv2][query] GET https://firebase.googleapis.com/v1beta1/projects pageSize=100
[debug] [2023-01-12T05:55:41.698Z] <<< [apiv2][status] GET https://firebase.googleapis.com/v1beta1/projects 200
[debug] [2023-01-12T05:55:41.698Z] <<< [apiv2][body] GET https://firebase.googleapis.com/v1beta1/projects [omitted]
[info] i  Using project trashcan-proof-of-concept (trashcan proof of concept) 
[info] 
=== Functions Setup
[debug] [2023-01-12T05:55:42.911Z] > command requires scopes: ["email","openid","https://www.googleapis.com/auth/cloudplatformprojects.readonly","https://www.googleapis.com/auth/firebase","https://www.googleapis.com/auth/cloud-platform"]
[debug] [2023-01-12T05:55:42.912Z] > authorizing via signed-in user (roi.hakim@gmail.com)
[debug] [2023-01-12T05:55:42.912Z] [iam] checking project trashcan-proof-of-concept for permissions ["firebase.projects.get"]
[debug] [2023-01-12T05:55:42.913Z] >>> [apiv2][query] POST https://cloudresourcemanager.googleapis.com/v1/projects/trashcan-proof-of-concept:testIamPermissions [none]
[debug] [2023-01-12T05:55:42.913Z] >>> [apiv2][(partial)header] POST https://cloudresourcemanager.googleapis.com/v1/projects/trashcan-proof-of-concept:testIamPermissions x-goog-quota-user=projects/trashcan-proof-of-concept
[debug] [2023-01-12T05:55:42.913Z] >>> [apiv2][body] POST https://cloudresourcemanager.googleapis.com/v1/projects/trashcan-proof-of-concept:testIamPermissions {"permissions":["firebase.projects.get"]}
[debug] [2023-01-12T05:55:43.906Z] <<< [apiv2][status] POST https://cloudresourcemanager.googleapis.com/v1/projects/trashcan-proof-of-concept:testIamPermissions 200
[debug] [2023-01-12T05:55:43.906Z] <<< [apiv2][body] POST https://cloudresourcemanager.googleapis.com/v1/projects/trashcan-proof-of-concept:testIamPermissions {"permissions":["firebase.projects.get"]}
[debug] [2023-01-12T05:55:43.907Z] >>> [apiv2][query] GET https://serviceusage.googleapis.com/v1/projects/trashcan-proof-of-concept/services/cloudfunctions.googleapis.com [none]
[debug] [2023-01-12T05:55:43.907Z] >>> [apiv2][(partial)header] GET https://serviceusage.googleapis.com/v1/projects/trashcan-proof-of-concept/services/cloudfunctions.googleapis.com x-goog-quota-user=projects/trashcan-proof-of-concept
[debug] [2023-01-12T05:55:43.908Z] >>> [apiv2][query] GET https://serviceusage.googleapis.com/v1/projects/trashcan-proof-of-concept/services/runtimeconfig.googleapis.com [none]
[debug] [2023-01-12T05:55:43.908Z] >>> [apiv2][(partial)header] GET https://serviceusage.googleapis.com/v1/projects/trashcan-proof-of-concept/services/runtimeconfig.googleapis.com x-goog-quota-user=projects/trashcan-proof-of-concept
[debug] [2023-01-12T05:55:45.021Z] <<< [apiv2][status] GET https://serviceusage.googleapis.com/v1/projects/trashcan-proof-of-concept/services/runtimeconfig.googleapis.com 200
[debug] [2023-01-12T05:55:45.024Z] <<< [apiv2][body] GET https://serviceusage.googleapis.com/v1/projects/trashcan-proof-of-concept/services/runtimeconfig.googleapis.com [omitted]
[debug] [2023-01-12T05:55:45.026Z] <<< [apiv2][status] GET https://serviceusage.googleapis.com/v1/projects/trashcan-proof-of-concept/services/cloudfunctions.googleapis.com 200
[debug] [2023-01-12T05:55:45.026Z] <<< [apiv2][body] GET https://serviceusage.googleapis.com/v1/projects/trashcan-proof-of-concept/services/cloudfunctions.googleapis.com [omitted]
[debug] [2023-01-12T05:55:45.027Z] >>> [apiv2][query] POST https://serviceusage.googleapis.com/v1/projects/trashcan-proof-of-concept/services/cloudfunctions.googleapis.com:enable [none]
[debug] [2023-01-12T05:55:45.028Z] >>> [apiv2][(partial)header] POST https://serviceusage.googleapis.com/v1/projects/trashcan-proof-of-concept/services/cloudfunctions.googleapis.com:enable x-goog-quota-user=projects/trashcan-proof-of-concept
[debug] [2023-01-12T05:55:46.911Z] <<< [apiv2][status] POST https://serviceusage.googleapis.com/v1/projects/trashcan-proof-of-concept/services/cloudfunctions.googleapis.com:enable 200
[debug] [2023-01-12T05:55:46.912Z] <<< [apiv2][body] POST https://serviceusage.googleapis.com/v1/projects/trashcan-proof-of-concept/services/cloudfunctions.googleapis.com:enable [omitted]
[debug] [2023-01-12T05:55:56.928Z] >>> [apiv2][query] GET https://serviceusage.googleapis.com/v1/projects/trashcan-proof-of-concept/services/cloudfunctions.googleapis.com [none]
[debug] [2023-01-12T05:55:56.928Z] >>> [apiv2][(partial)header] GET https://serviceusage.googleapis.com/v1/projects/trashcan-proof-of-concept/services/cloudfunctions.googleapis.com x-goog-quota-user=projects/trashcan-proof-of-concept
[debug] [2023-01-12T05:55:58.082Z] <<< [apiv2][status] GET https://serviceusage.googleapis.com/v1/projects/trashcan-proof-of-concept/services/cloudfunctions.googleapis.com 200
[debug] [2023-01-12T05:55:58.082Z] <<< [apiv2][body] GET https://serviceusage.googleapis.com/v1/projects/trashcan-proof-of-concept/services/cloudfunctions.googleapis.com [omitted]
[info] Let's create a new codebase for your functions.
[info] A directory corresponding to the codebase will be created in your project
[info] with sample code pre-configured.

[info] See https://firebase.google.com/docs/functions/organize-functions for
[info] more information on organizing your functions using codebases.

[info] Functions can be deployed with firebase deploy.

[info] +  Wrote functions/package.json 
[info] +  Wrote functions/.eslintrc.js 
[info] +  Wrote functions/index.js 
[info] +  Wrote functions/.gitignore 
[info] 
=== Hosting Setup
[info] 
[info] Your public directory is the folder (relative to your project directory) that
[info] will contain Hosting assets to be uploaded with firebase deploy. If you
[info] have a build process for your assets, use your build's output directory.
[info] 
[debug] [2023-01-12T05:57:47.733Z] >>> [apiv2][query] GET https://www.gstatic.com/firebasejs/releases.json [none]
[debug] [2023-01-12T05:57:47.867Z] <<< [apiv2][status] GET https://www.gstatic.com/firebasejs/releases.json 200
[debug] [2023-01-12T05:57:47.867Z] <<< [apiv2][body] GET https://www.gstatic.com/firebasejs/releases.json {"current":{"version":"9.15.0","browserURL":"https://www.gstatic.com/firebasejs/9.15.0/firebase.js","packageURL":"https://www.gstatic.com/firebasejs/9.15.0/firebase.tgz"},"live":{"version":"9.15","browserURL":"https://www.gstatic.com/firebasejs/live/9.15/firebase.js","packageURL":"https://www.gstatic.com/firebasejs/live/9.15/firebase.tgz"},"components":{"analytics":"https://www.gstatic.com/firebasejs/9.15.0/firebase-analytics.js","app":"https://www.gstatic.com/firebasejs/9.15.0/firebase-app.js","app-check":"https://www.gstatic.com/firebasejs/9.15.0/firebase-app-check.js","auth":"https://www.gstatic.com/firebasejs/9.15.0/firebase-auth.js","auth/cordova":"https://www.gstatic.com/firebasejs/9.15.0/firebase-auth/cordova.js","auth/react-native":"https://www.gstatic.com/firebasejs/9.15.0/firebase-auth/react-native.js","functions":"https://www.gstatic.com/firebasejs/9.15.0/firebase-functions.js","firestore":"https://www.gstatic.com/firebasejs/9.15.0/firebase-firestore.js","firestore/lite":"https://www.gstatic.com/firebasejs/9.15.0/firebase-firestore/lite.js","installations":"https://www.gstatic.com/firebasejs/9.15.0/firebase-installations.js","storage":"https://www.gstatic.com/firebasejs/9.15.0/firebase-storage.js","performance":"https://www.gstatic.com/firebasejs/9.15.0/firebase-performance.js","remote-config":"https://www.gstatic.com/firebasejs/9.15.0/firebase-remote-config.js","messaging":"https://www.gstatic.com/firebasejs/9.15.0/firebase-messaging.js","messaging/sw":"https://www.gstatic.com/firebasejs/9.15.0/firebase-messaging/sw.js","database":"https://www.gstatic.com/firebasejs/9.15.0/firebase-database.js","firestore.memory":"https://www.gstatic.com/firebasejs/9.15.0/firebase-firestore.memory.js"}}
[info] +  Wrote public/index.html 
[info] 
[info] i  Detected a .git folder at D:\Code\trashcan-POC 
[info] i  Authorizing with GitHub to upload your service account to a GitHub repository's secrets store. 
[info] 
[info] Visit this URL on this device to log in:
[info] https://github.com/login/oauth/authorize?client_id=89cf50f02ac6aaed3484&state=251608789&redirect_uri=http%3A%2F%2Flocalhost%3A9005&scope=read%3Auser%20repo%20public_repo
[info] 
[info] Waiting for authentication...
